2025-10-16 07:57:36 WARN  com.zaxxer.hikari.pool.HikariPool [HikariPool-1:housekeeper] - HikariPool-1 - Thread starvation or clock leap detected (housekeeper delta=9h29m35s171µs).
2025-10-16 07:59:35 WARN  com.zaxxer.hikari.pool.HikariPool [HikariPool-1:housekeeper] - HikariPool-1 - Thread starvation or clock leap detected (housekeeper delta=1m28s692ms482µs600ns).
2025-10-16 08:40:07 INFO  c.p.c.c.ClinicalapiApplication [main] - Starting ClinicalapiApplication using Java 21.0.8 with PID 2600 (C:\Users\mtmn_\OneDrive\Documents\work\code\copilotforjava\clinicalapi\target\classes started by mtmn_ in C:\Users\mtmn_\OneDrive\Documents\work\code\copilotforjava\clinicalapi)
2025-10-16 08:40:07 DEBUG c.p.c.c.ClinicalapiApplication [main] - Running with Spring Boot v3.5.6, Spring v6.2.11
2025-10-16 08:40:07 INFO  c.p.c.c.ClinicalapiApplication [main] - No active profile set, falling back to 1 default profile: "default"
2025-10-16 08:40:07 INFO  o.s.d.r.c.RepositoryConfigurationDelegate [main] - Bootstrapping Spring Data JPA repositories in DEFAULT mode.
2025-10-16 08:40:07 INFO  o.s.d.r.c.RepositoryConfigurationDelegate [main] - Finished Spring Data repository scanning in 60 ms. Found 2 JPA repository interfaces.
2025-10-16 08:40:08 INFO  o.s.b.w.e.tomcat.TomcatWebServer [main] - Tomcat initialized with port 8080 (http)
2025-10-16 08:40:08 INFO  o.a.coyote.http11.Http11NioProtocol [main] - Initializing ProtocolHandler ["http-nio-8080"]
2025-10-16 08:40:08 INFO  o.a.catalina.core.StandardService [main] - Starting service [Tomcat]
2025-10-16 08:40:08 INFO  o.a.catalina.core.StandardEngine [main] - Starting Servlet engine: [Apache Tomcat/10.1.46]
2025-10-16 08:40:08 INFO  o.a.c.c.C.[.[.[/patientservices] [main] - Initializing Spring embedded WebApplicationContext
2025-10-16 08:40:08 INFO  o.s.b.w.s.c.ServletWebServerApplicationContext [main] - Root WebApplicationContext: initialization completed in 1290 ms
2025-10-16 08:40:08 INFO  com.zaxxer.hikari.HikariDataSource [main] - HikariPool-1 - Starting...
2025-10-16 08:40:09 INFO  o.h.jpa.internal.util.LogHelper [main] - HHH000204: Processing PersistenceUnitInfo [name: default]
2025-10-16 08:40:09 INFO  org.hibernate.Version [main] - HHH000412: Hibernate ORM core version 6.6.29.Final
2025-10-16 08:40:10 INFO  o.h.c.i.RegionFactoryInitiator [main] - HHH000026: Second-level cache disabled
2025-10-16 08:40:10 INFO  o.s.o.j.p.SpringPersistenceUnitInfo [main] - No LoadTimeWeaver setup: ignoring JPA class transformer
2025-10-16 08:40:10 INFO  com.zaxxer.hikari.HikariDataSource [main] - HikariPool-1 - Starting...
2025-10-16 08:40:11 WARN  o.h.e.jdbc.spi.SqlExceptionHelper [main] - SQL Error: 0, SQLState: 08S01
2025-10-16 08:40:11 ERROR o.h.e.jdbc.spi.SqlExceptionHelper [main] - Communications link failure

The last packet sent successfully to the server was 0 milliseconds ago. The driver has not received any packets from the server.
2025-10-16 08:40:11 WARN  o.h.e.j.e.i.JdbcEnvironmentInitiator [main] - HHH000342: Could not obtain connection to query metadata
org.hibernate.exception.JDBCConnectionException: unable to obtain isolated JDBC connection [Communications link failure

The last packet sent successfully to the server was 0 milliseconds ago. The driver has not received any packets from the server.] [n/a]
	at org.hibernate.exception.internal.SQLStateConversionDelegate.convert(SQLStateConversionDelegate.java:100)
	at org.hibernate.exception.internal.StandardSQLExceptionConverter.convert(StandardSQLExceptionConverter.java:58)
	at org.hibernate.engine.jdbc.spi.SqlExceptionHelper.convert(SqlExceptionHelper.java:108)
	at org.hibernate.engine.jdbc.spi.SqlExceptionHelper.convert(SqlExceptionHelper.java:94)
	at org.hibernate.resource.transaction.backend.jdbc.internal.JdbcIsolationDelegate.delegateWork(JdbcIsolationDelegate.java:116)
	at org.hibernate.engine.jdbc.env.internal.JdbcEnvironmentInitiator.getJdbcEnvironmentUsingJdbcMetadata(JdbcEnvironmentInitiator.java:334)
	at org.hibernate.engine.jdbc.env.internal.JdbcEnvironmentInitiator.initiateService(JdbcEnvironmentInitiator.java:129)
	at org.hibernate.engine.jdbc.env.internal.JdbcEnvironmentInitiator.initiateService(JdbcEnvironmentInitiator.java:81)
	at org.hibernate.boot.registry.internal.StandardServiceRegistryImpl.initiateService(StandardServiceRegistryImpl.java:130)
	at org.hibernate.service.internal.AbstractServiceRegistryImpl.createService(AbstractServiceRegistryImpl.java:263)
	at org.hibernate.service.internal.AbstractServiceRegistryImpl.initializeService(AbstractServiceRegistryImpl.java:238)
	at org.hibernate.service.internal.AbstractServiceRegistryImpl.getService(AbstractServiceRegistryImpl.java:215)
	at org.hibernate.boot.model.relational.Database.<init>(Database.java:45)
	at org.hibernate.boot.internal.InFlightMetadataCollectorImpl.getDatabase(InFlightMetadataCollectorImpl.java:226)
	at org.hibernate.boot.internal.InFlightMetadataCollectorImpl.<init>(InFlightMetadataCollectorImpl.java:194)
	at org.hibernate.boot.model.process.spi.MetadataBuildingProcess.complete(MetadataBuildingProcess.java:171)
	at org.hibernate.jpa.boot.internal.EntityManagerFactoryBuilderImpl.metadata(EntityManagerFactoryBuilderImpl.java:1442)
	at org.hibernate.jpa.boot.internal.EntityManagerFactoryBuilderImpl.build(EntityManagerFactoryBuilderImpl.java:1513)
	at org.springframework.orm.jpa.vendor.SpringHibernateJpaPersistenceProvider.createContainerEntityManagerFactory(SpringHibernateJpaPersistenceProvider.java:66)
	at org.springframework.orm.jpa.LocalContainerEntityManagerFactoryBean.createNativeEntityManagerFactory(LocalContainerEntityManagerFactoryBean.java:390)
	at org.springframework.orm.jpa.AbstractEntityManagerFactoryBean.buildNativeEntityManagerFactory(AbstractEntityManagerFactoryBean.java:419)
	at org.springframework.orm.jpa.AbstractEntityManagerFactoryBean.afterPropertiesSet(AbstractEntityManagerFactoryBean.java:400)
	at org.springframework.orm.jpa.LocalContainerEntityManagerFactoryBean.afterPropertiesSet(LocalContainerEntityManagerFactoryBean.java:366)
	at org.springframework.beans.factory.support.AbstractAutowireCapableBeanFactory.invokeInitMethods(AbstractAutowireCapableBeanFactory.java:1873)
	at org.springframework.beans.factory.support.AbstractAutowireCapableBeanFactory.initializeBean(AbstractAutowireCapableBeanFactory.java:1822)
	at org.springframework.beans.factory.support.AbstractAutowireCapableBeanFactory.doCreateBean(AbstractAutowireCapableBeanFactory.java:607)
	at org.springframework.beans.factory.support.AbstractAutowireCapableBeanFactory.createBean(AbstractAutowireCapableBeanFactory.java:529)
	at org.springframework.beans.factory.support.AbstractBeanFactory.lambda$doGetBean$0(AbstractBeanFactory.java:339)
	at org.springframework.beans.factory.support.DefaultSingletonBeanRegistry.getSingleton(DefaultSingletonBeanRegistry.java:373)
	at org.springframework.beans.factory.support.AbstractBeanFactory.doGetBean(AbstractBeanFactory.java:337)
	at org.springframework.beans.factory.support.AbstractBeanFactory.getBean(AbstractBeanFactory.java:207)
	at org.springframework.context.support.AbstractApplicationContext.finishBeanFactoryInitialization(AbstractApplicationContext.java:970)
	at org.springframework.context.support.AbstractApplicationContext.refresh(AbstractApplicationContext.java:627)
	at org.springframework.boot.web.servlet.context.ServletWebServerApplicationContext.refresh(ServletWebServerApplicationContext.java:146)
	at org.springframework.boot.SpringApplication.refresh(SpringApplication.java:752)
	at org.springframework.boot.SpringApplication.refreshContext(SpringApplication.java:439)
	at org.springframework.boot.SpringApplication.run(SpringApplication.java:318)
	at org.springframework.boot.SpringApplication.run(SpringApplication.java:1361)
	at org.springframework.boot.SpringApplication.run(SpringApplication.java:1350)
	at com.patientclinicals.clinicalsapi.clinicalapi.ClinicalapiApplication.main(ClinicalapiApplication.java:10)
Caused by: com.mysql.cj.jdbc.exceptions.CommunicationsException: Communications link failure

The last packet sent successfully to the server was 0 milliseconds ago. The driver has not received any packets from the server.
	at com.mysql.cj.jdbc.exceptions.SQLError.createCommunicationsException(SQLError.java:165)
	at com.mysql.cj.jdbc.exceptions.SQLExceptionsMapping.translateException(SQLExceptionsMapping.java:55)
	at com.mysql.cj.jdbc.ConnectionImpl.createNewIO(ConnectionImpl.java:839)
	at com.mysql.cj.jdbc.ConnectionImpl.<init>(ConnectionImpl.java:415)
	at com.mysql.cj.jdbc.ConnectionImpl.getInstance(ConnectionImpl.java:237)
	at com.mysql.cj.jdbc.NonRegisteringDriver.connect(NonRegisteringDriver.java:180)
	at com.zaxxer.hikari.util.DriverDataSource.getConnection(DriverDataSource.java:144)
	at com.zaxxer.hikari.pool.PoolBase.newConnection(PoolBase.java:370)
	at com.zaxxer.hikari.pool.PoolBase.newPoolEntry(PoolBase.java:207)
	at com.zaxxer.hikari.pool.HikariPool.createPoolEntry(HikariPool.java:488)
	at com.zaxxer.hikari.pool.HikariPool.checkFailFast(HikariPool.java:576)
	at com.zaxxer.hikari.pool.HikariPool.<init>(HikariPool.java:97)
	at com.zaxxer.hikari.HikariDataSource.getConnection(HikariDataSource.java:111)
	at org.hibernate.engine.jdbc.connections.internal.DatasourceConnectionProviderImpl.getConnection(DatasourceConnectionProviderImpl.java:126)
	at org.hibernate.engine.jdbc.env.internal.JdbcEnvironmentInitiator$ConnectionProviderJdbcConnectionAccess.obtainConnection(JdbcEnvironmentInitiator.java:485)
	at org.hibernate.resource.transaction.backend.jdbc.internal.JdbcIsolationDelegate.delegateWork(JdbcIsolationDelegate.java:61)
	... 35 common frames omitted
Caused by: com.mysql.cj.exceptions.CJCommunicationsException: Communications link failure

The last packet sent successfully to the server was 0 milliseconds ago. The driver has not received any packets from the server.
	at java.base/jdk.internal.reflect.DirectConstructorHandleAccessor.newInstance(DirectConstructorHandleAccessor.java:62)
	at java.base/java.lang.reflect.Constructor.newInstanceWithCaller(Constructor.java:502)
	at java.base/java.lang.reflect.Constructor.newInstance(Constructor.java:486)
	at com.mysql.cj.exceptions.ExceptionFactory.createException(ExceptionFactory.java:52)
	at com.mysql.cj.exceptions.ExceptionFactory.createException(ExceptionFactory.java:95)
	at com.mysql.cj.exceptions.ExceptionFactory.createException(ExceptionFactory.java:140)
	at com.mysql.cj.exceptions.ExceptionFactory.createCommunicationsException(ExceptionFactory.java:156)
	at com.mysql.cj.protocol.a.NativeSocketConnection.connect(NativeSocketConnection.java:79)
	at com.mysql.cj.NativeSession.connect(NativeSession.java:142)
	at com.mysql.cj.jdbc.ConnectionImpl.connectOneTryOnly(ConnectionImpl.java:963)
	at com.mysql.cj.jdbc.ConnectionImpl.createNewIO(ConnectionImpl.java:827)
	... 48 common frames omitted
Caused by: java.net.ConnectException: Connection refused: getsockopt
	at java.base/sun.nio.ch.Net.pollConnect(Native Method)
	at java.base/sun.nio.ch.Net.pollConnectNow(Net.java:682)
	at java.base/sun.nio.ch.NioSocketImpl.timedFinishConnect(NioSocketImpl.java:542)
	at java.base/sun.nio.ch.NioSocketImpl.connect(NioSocketImpl.java:592)
	at java.base/java.net.SocksSocketImpl.connect(SocksSocketImpl.java:327)
	at java.base/java.net.Socket.connect(Socket.java:751)
	at com.mysql.cj.protocol.StandardSocketFactory.connect(StandardSocketFactory.java:144)
	at com.mysql.cj.protocol.a.NativeSocketConnection.connect(NativeSocketConnection.java:53)
	... 51 common frames omitted
2025-10-16 08:40:11 ERROR o.s.o.j.LocalContainerEntityManagerFactoryBean [main] - Failed to initialize JPA EntityManagerFactory: Unable to create requested service [org.hibernate.engine.jdbc.env.spi.JdbcEnvironment] due to: Unable to determine Dialect without JDBC metadata (please set 'jakarta.persistence.jdbc.url' for common cases or 'hibernate.dialect' when a custom Dialect implementation must be provided)
2025-10-16 08:40:11 WARN  o.s.b.w.s.c.AnnotationConfigServletWebServerApplicationContext [main] - Exception encountered during context initialization - cancelling refresh attempt: org.springframework.beans.factory.BeanCreationException: Error creating bean with name 'entityManagerFactory' defined in class path resource [org/springframework/boot/autoconfigure/orm/jpa/HibernateJpaConfiguration.class]: Unable to create requested service [org.hibernate.engine.jdbc.env.spi.JdbcEnvironment] due to: Unable to determine Dialect without JDBC metadata (please set 'jakarta.persistence.jdbc.url' for common cases or 'hibernate.dialect' when a custom Dialect implementation must be provided)
2025-10-16 08:40:11 INFO  o.a.catalina.core.StandardService [main] - Stopping service [Tomcat]
2025-10-16 08:40:11 INFO  o.s.b.a.l.ConditionEvaluationReportLogger [main] - 

Error starting ApplicationContext. To display the condition evaluation report re-run your application with 'debug' enabled.
2025-10-16 08:40:11 ERROR o.s.boot.SpringApplication [main] - Application run failed
org.springframework.beans.factory.BeanCreationException: Error creating bean with name 'entityManagerFactory' defined in class path resource [org/springframework/boot/autoconfigure/orm/jpa/HibernateJpaConfiguration.class]: Unable to create requested service [org.hibernate.engine.jdbc.env.spi.JdbcEnvironment] due to: Unable to determine Dialect without JDBC metadata (please set 'jakarta.persistence.jdbc.url' for common cases or 'hibernate.dialect' when a custom Dialect implementation must be provided)
	at org.springframework.beans.factory.support.AbstractAutowireCapableBeanFactory.initializeBean(AbstractAutowireCapableBeanFactory.java:1826)
	at org.springframework.beans.factory.support.AbstractAutowireCapableBeanFactory.doCreateBean(AbstractAutowireCapableBeanFactory.java:607)
	at org.springframework.beans.factory.support.AbstractAutowireCapableBeanFactory.createBean(AbstractAutowireCapableBeanFactory.java:529)
	at org.springframework.beans.factory.support.AbstractBeanFactory.lambda$doGetBean$0(AbstractBeanFactory.java:339)
	at org.springframework.beans.factory.support.DefaultSingletonBeanRegistry.getSingleton(DefaultSingletonBeanRegistry.java:373)
	at org.springframework.beans.factory.support.AbstractBeanFactory.doGetBean(AbstractBeanFactory.java:337)
	at org.springframework.beans.factory.support.AbstractBeanFactory.getBean(AbstractBeanFactory.java:207)
	at org.springframework.context.support.AbstractApplicationContext.finishBeanFactoryInitialization(AbstractApplicationContext.java:970)
	at org.springframework.context.support.AbstractApplicationContext.refresh(AbstractApplicationContext.java:627)
	at org.springframework.boot.web.servlet.context.ServletWebServerApplicationContext.refresh(ServletWebServerApplicationContext.java:146)
	at org.springframework.boot.SpringApplication.refresh(SpringApplication.java:752)
	at org.springframework.boot.SpringApplication.refreshContext(SpringApplication.java:439)
	at org.springframework.boot.SpringApplication.run(SpringApplication.java:318)
	at org.springframework.boot.SpringApplication.run(SpringApplication.java:1361)
	at org.springframework.boot.SpringApplication.run(SpringApplication.java:1350)
	at com.patientclinicals.clinicalsapi.clinicalapi.ClinicalapiApplication.main(ClinicalapiApplication.java:10)
Caused by: org.hibernate.service.spi.ServiceException: Unable to create requested service [org.hibernate.engine.jdbc.env.spi.JdbcEnvironment] due to: Unable to determine Dialect without JDBC metadata (please set 'jakarta.persistence.jdbc.url' for common cases or 'hibernate.dialect' when a custom Dialect implementation must be provided)
	at org.hibernate.service.internal.AbstractServiceRegistryImpl.createService(AbstractServiceRegistryImpl.java:276)
	at org.hibernate.service.internal.AbstractServiceRegistryImpl.initializeService(AbstractServiceRegistryImpl.java:238)
	at org.hibernate.service.internal.AbstractServiceRegistryImpl.getService(AbstractServiceRegistryImpl.java:215)
	at org.hibernate.boot.model.relational.Database.<init>(Database.java:45)
	at org.hibernate.boot.internal.InFlightMetadataCollectorImpl.getDatabase(InFlightMetadataCollectorImpl.java:226)
	at org.hibernate.boot.internal.InFlightMetadataCollectorImpl.<init>(InFlightMetadataCollectorImpl.java:194)
	at org.hibernate.boot.model.process.spi.MetadataBuildingProcess.complete(MetadataBuildingProcess.java:171)
	at org.hibernate.jpa.boot.internal.EntityManagerFactoryBuilderImpl.metadata(EntityManagerFactoryBuilderImpl.java:1442)
	at org.hibernate.jpa.boot.internal.EntityManagerFactoryBuilderImpl.build(EntityManagerFactoryBuilderImpl.java:1513)
	at org.springframework.orm.jpa.vendor.SpringHibernateJpaPersistenceProvider.createContainerEntityManagerFactory(SpringHibernateJpaPersistenceProvider.java:66)
	at org.springframework.orm.jpa.LocalContainerEntityManagerFactoryBean.createNativeEntityManagerFactory(LocalContainerEntityManagerFactoryBean.java:390)
	at org.springframework.orm.jpa.AbstractEntityManagerFactoryBean.buildNativeEntityManagerFactory(AbstractEntityManagerFactoryBean.java:419)
	at org.springframework.orm.jpa.AbstractEntityManagerFactoryBean.afterPropertiesSet(AbstractEntityManagerFactoryBean.java:400)
	at org.springframework.orm.jpa.LocalContainerEntityManagerFactoryBean.afterPropertiesSet(LocalContainerEntityManagerFactoryBean.java:366)
	at org.springframework.beans.factory.support.AbstractAutowireCapableBeanFactory.invokeInitMethods(AbstractAutowireCapableBeanFactory.java:1873)
	at org.springframework.beans.factory.support.AbstractAutowireCapableBeanFactory.initializeBean(AbstractAutowireCapableBeanFactory.java:1822)
	... 15 common frames omitted
Caused by: org.hibernate.HibernateException: Unable to determine Dialect without JDBC metadata (please set 'jakarta.persistence.jdbc.url' for common cases or 'hibernate.dialect' when a custom Dialect implementation must be provided)
	at org.hibernate.engine.jdbc.dialect.internal.DialectFactoryImpl.determineDialect(DialectFactoryImpl.java:191)
	at org.hibernate.engine.jdbc.dialect.internal.DialectFactoryImpl.buildDialect(DialectFactoryImpl.java:87)
	at org.hibernate.engine.jdbc.env.internal.JdbcEnvironmentInitiator.getJdbcEnvironmentWithDefaults(JdbcEnvironmentInitiator.java:186)
	at org.hibernate.engine.jdbc.env.internal.JdbcEnvironmentInitiator.getJdbcEnvironmentUsingJdbcMetadata(JdbcEnvironmentInitiator.java:410)
	at org.hibernate.engine.jdbc.env.internal.JdbcEnvironmentInitiator.initiateService(JdbcEnvironmentInitiator.java:129)
	at org.hibernate.engine.jdbc.env.internal.JdbcEnvironmentInitiator.initiateService(JdbcEnvironmentInitiator.java:81)
	at org.hibernate.boot.registry.internal.StandardServiceRegistryImpl.initiateService(StandardServiceRegistryImpl.java:130)
	at org.hibernate.service.internal.AbstractServiceRegistryImpl.createService(AbstractServiceRegistryImpl.java:263)
	... 30 common frames omitted
2025-10-16 08:43:42 INFO  c.p.c.c.ClinicalapiApplication [main] - Starting ClinicalapiApplication using Java 21.0.8 with PID 9120 (C:\Users\mtmn_\OneDrive\Documents\work\code\copilotforjava\clinicalapi\target\classes started by mtmn_ in C:\Users\mtmn_\OneDrive\Documents\work\code\copilotforjava\clinicalapi)
2025-10-16 08:43:42 DEBUG c.p.c.c.ClinicalapiApplication [main] - Running with Spring Boot v3.5.6, Spring v6.2.11
2025-10-16 08:43:42 INFO  c.p.c.c.ClinicalapiApplication [main] - No active profile set, falling back to 1 default profile: "default"
2025-10-16 08:43:43 INFO  o.s.d.r.c.RepositoryConfigurationDelegate [main] - Bootstrapping Spring Data JPA repositories in DEFAULT mode.
2025-10-16 08:43:43 INFO  o.s.d.r.c.RepositoryConfigurationDelegate [main] - Finished Spring Data repository scanning in 46 ms. Found 2 JPA repository interfaces.
2025-10-16 08:43:43 INFO  o.s.b.w.e.tomcat.TomcatWebServer [main] - Tomcat initialized with port 8080 (http)
2025-10-16 08:43:43 INFO  o.a.coyote.http11.Http11NioProtocol [main] - Initializing ProtocolHandler ["http-nio-8080"]
2025-10-16 08:43:43 INFO  o.a.catalina.core.StandardService [main] - Starting service [Tomcat]
2025-10-16 08:43:43 INFO  o.a.catalina.core.StandardEngine [main] - Starting Servlet engine: [Apache Tomcat/10.1.46]
2025-10-16 08:43:43 INFO  o.a.c.c.C.[.[.[/patientservices] [main] - Initializing Spring embedded WebApplicationContext
2025-10-16 08:43:43 INFO  o.s.b.w.s.c.ServletWebServerApplicationContext [main] - Root WebApplicationContext: initialization completed in 1237 ms
2025-10-16 08:43:43 INFO  com.zaxxer.hikari.HikariDataSource [main] - HikariPool-1 - Starting...
2025-10-16 08:43:44 INFO  com.zaxxer.hikari.pool.HikariPool [main] - HikariPool-1 - Added connection com.mysql.cj.jdbc.ConnectionImpl@299b9851
2025-10-16 08:43:44 INFO  com.zaxxer.hikari.HikariDataSource [main] - HikariPool-1 - Start completed.
2025-10-16 08:43:44 INFO  o.h.jpa.internal.util.LogHelper [main] - HHH000204: Processing PersistenceUnitInfo [name: default]
2025-10-16 08:43:44 INFO  org.hibernate.Version [main] - HHH000412: Hibernate ORM core version 6.6.29.Final
2025-10-16 08:43:44 INFO  o.h.c.i.RegionFactoryInitiator [main] - HHH000026: Second-level cache disabled
2025-10-16 08:43:44 INFO  o.s.o.j.p.SpringPersistenceUnitInfo [main] - No LoadTimeWeaver setup: ignoring JPA class transformer
2025-10-16 08:43:44 INFO  o.hibernate.orm.connections.pooling [main] - HHH10001005: Database info:
	Database JDBC URL [Connecting through datasource 'HikariDataSource (HikariPool-1)']
	Database driver: undefined/unknown
	Database version: 8.0.43
	Autocommit mode: undefined/unknown
	Isolation level: undefined/unknown
	Minimum pool size: undefined/unknown
	Maximum pool size: undefined/unknown
2025-10-16 08:43:45 INFO  o.h.e.t.j.p.i.JtaPlatformInitiator [main] - HHH000489: No JTA platform available (set 'hibernate.transaction.jta.platform' to enable JTA platform integration)
2025-10-16 08:43:45 INFO  o.s.o.j.LocalContainerEntityManagerFactoryBean [main] - Initialized JPA EntityManagerFactory for persistence unit 'default'
2025-10-16 08:43:45 WARN  o.s.b.a.o.j.JpaBaseConfiguration$JpaWebConfiguration [main] - spring.jpa.open-in-view is enabled by default. Therefore, database queries may be performed during view rendering. Explicitly configure spring.jpa.open-in-view to disable this warning
2025-10-16 08:43:45 INFO  o.a.coyote.http11.Http11NioProtocol [main] - Starting ProtocolHandler ["http-nio-8080"]
2025-10-16 08:43:46 INFO  o.s.b.w.e.tomcat.TomcatWebServer [main] - Tomcat started on port 8080 (http) with context path '/patientservices'
2025-10-16 08:43:46 INFO  c.p.c.c.ClinicalapiApplication [main] - Started ClinicalapiApplication in 4.127 seconds (process running for 4.393)
2025-10-16 08:44:38 INFO  o.a.c.c.C.[.[.[/patientservices] [http-nio-8080-exec-1] - Initializing Spring DispatcherServlet 'dispatcherServlet'
2025-10-16 08:44:38 INFO  o.s.web.servlet.DispatcherServlet [http-nio-8080-exec-1] - Initializing Servlet 'dispatcherServlet'
2025-10-16 08:44:38 INFO  o.s.web.servlet.DispatcherServlet [http-nio-8080-exec-1] - Completed initialization in 1 ms
2025-10-16 08:44:38 DEBUG c.p.c.c.c.PatientController [http-nio-8080-exec-1] - Listing all patients
2025-10-16 08:44:38 INFO  c.p.c.c.c.PatientController [http-nio-8080-exec-1] - Returned 10 patients
2025-10-16 08:44:59 DEBUG c.p.c.c.c.PatientController [http-nio-8080-exec-3] - Listing all patients
2025-10-16 08:44:59 INFO  c.p.c.c.c.PatientController [http-nio-8080-exec-3] - Returned 10 patients
2025-10-16 08:45:10 DEBUG c.p.c.c.c.PatientController [http-nio-8080-exec-4] - Listing all patients
2025-10-16 08:45:10 DEBUG c.p.c.c.c.PatientController [http-nio-8080-exec-5] - Listing all patients
2025-10-16 08:45:10 INFO  c.p.c.c.c.PatientController [http-nio-8080-exec-5] - Returned 10 patients
2025-10-16 08:45:10 INFO  c.p.c.c.c.PatientController [http-nio-8080-exec-4] - Returned 10 patients
2025-10-16 08:45:26 DEBUG c.p.c.c.c.PatientController [http-nio-8080-exec-6] - Listing all patients
2025-10-16 08:45:26 DEBUG c.p.c.c.c.PatientController [http-nio-8080-exec-7] - Listing all patients
2025-10-16 08:45:26 INFO  c.p.c.c.c.PatientController [http-nio-8080-exec-6] - Returned 10 patients
2025-10-16 08:45:26 INFO  c.p.c.c.c.PatientController [http-nio-8080-exec-7] - Returned 10 patients
2025-10-16 08:50:45 INFO  c.p.c.c.ClinicalapiApplication [main] - Starting ClinicalapiApplication using Java 21.0.8 with PID 19764 (C:\Users\mtmn_\OneDrive\Documents\work\code\copilotforjava\clinicalapi\target\classes started by mtmn_ in C:\Users\mtmn_\OneDrive\Documents\work\code\copilotforjava\clinicalapi)
2025-10-16 08:50:45 DEBUG c.p.c.c.ClinicalapiApplication [main] - Running with Spring Boot v3.5.6, Spring v6.2.11
2025-10-16 08:50:45 INFO  c.p.c.c.ClinicalapiApplication [main] - No active profile set, falling back to 1 default profile: "default"
2025-10-16 08:50:46 INFO  o.s.d.r.c.RepositoryConfigurationDelegate [main] - Bootstrapping Spring Data JPA repositories in DEFAULT mode.
2025-10-16 08:50:46 INFO  o.s.d.r.c.RepositoryConfigurationDelegate [main] - Finished Spring Data repository scanning in 49 ms. Found 2 JPA repository interfaces.
2025-10-16 08:50:46 INFO  o.s.b.w.e.tomcat.TomcatWebServer [main] - Tomcat initialized with port 8080 (http)
2025-10-16 08:50:47 INFO  o.a.coyote.http11.Http11NioProtocol [main] - Initializing ProtocolHandler ["http-nio-8080"]
2025-10-16 08:50:47 INFO  o.a.catalina.core.StandardService [main] - Starting service [Tomcat]
2025-10-16 08:50:47 INFO  o.a.catalina.core.StandardEngine [main] - Starting Servlet engine: [Apache Tomcat/10.1.46]
2025-10-16 08:50:47 INFO  o.a.c.c.C.[.[.[/patientservices] [main] - Initializing Spring embedded WebApplicationContext
2025-10-16 08:50:47 INFO  o.s.b.w.s.c.ServletWebServerApplicationContext [main] - Root WebApplicationContext: initialization completed in 1321 ms
2025-10-16 08:50:47 INFO  com.zaxxer.hikari.HikariDataSource [main] - HikariPool-1 - Starting...
2025-10-16 08:50:47 INFO  com.zaxxer.hikari.pool.HikariPool [main] - HikariPool-1 - Added connection com.mysql.cj.jdbc.ConnectionImpl@601d6622
2025-10-16 08:50:47 INFO  com.zaxxer.hikari.HikariDataSource [main] - HikariPool-1 - Start completed.
2025-10-16 08:50:47 INFO  o.h.jpa.internal.util.LogHelper [main] - HHH000204: Processing PersistenceUnitInfo [name: default]
2025-10-16 08:50:47 INFO  org.hibernate.Version [main] - HHH000412: Hibernate ORM core version 6.6.29.Final
2025-10-16 08:50:47 INFO  o.h.c.i.RegionFactoryInitiator [main] - HHH000026: Second-level cache disabled
2025-10-16 08:50:48 INFO  o.s.o.j.p.SpringPersistenceUnitInfo [main] - No LoadTimeWeaver setup: ignoring JPA class transformer
2025-10-16 08:50:48 INFO  o.hibernate.orm.connections.pooling [main] - HHH10001005: Database info:
	Database JDBC URL [Connecting through datasource 'HikariDataSource (HikariPool-1)']
	Database driver: undefined/unknown
	Database version: 8.0.43
	Autocommit mode: undefined/unknown
	Isolation level: undefined/unknown
	Minimum pool size: undefined/unknown
	Maximum pool size: undefined/unknown
2025-10-16 08:50:48 INFO  o.h.e.t.j.p.i.JtaPlatformInitiator [main] - HHH000489: No JTA platform available (set 'hibernate.transaction.jta.platform' to enable JTA platform integration)
2025-10-16 08:50:48 INFO  o.s.o.j.LocalContainerEntityManagerFactoryBean [main] - Initialized JPA EntityManagerFactory for persistence unit 'default'
2025-10-16 08:50:48 WARN  o.s.b.a.o.j.JpaBaseConfiguration$JpaWebConfiguration [main] - spring.jpa.open-in-view is enabled by default. Therefore, database queries may be performed during view rendering. Explicitly configure spring.jpa.open-in-view to disable this warning
2025-10-16 08:50:49 INFO  o.a.coyote.http11.Http11NioProtocol [main] - Starting ProtocolHandler ["http-nio-8080"]
2025-10-16 08:50:49 INFO  o.s.b.w.e.tomcat.TomcatWebServer [main] - Tomcat started on port 8080 (http) with context path '/patientservices'
2025-10-16 08:50:49 INFO  c.p.c.c.ClinicalapiApplication [main] - Started ClinicalapiApplication in 4.241 seconds (process running for 4.501)
2025-10-16 08:51:08 INFO  o.a.c.c.C.[.[.[/patientservices] [http-nio-8080-exec-2] - Initializing Spring DispatcherServlet 'dispatcherServlet'
2025-10-16 08:51:08 INFO  o.s.web.servlet.DispatcherServlet [http-nio-8080-exec-2] - Initializing Servlet 'dispatcherServlet'
2025-10-16 08:51:08 INFO  o.s.web.servlet.DispatcherServlet [http-nio-8080-exec-2] - Completed initialization in 1 ms
2025-10-16 08:51:08 DEBUG c.p.c.c.c.PatientController [http-nio-8080-exec-1] - Listing all patients
2025-10-16 08:51:08 DEBUG c.p.c.c.c.PatientController [http-nio-8080-exec-2] - Listing all patients
2025-10-16 08:51:09 INFO  c.p.c.c.c.PatientController [http-nio-8080-exec-1] - Returned 10 patients
2025-10-16 08:51:09 INFO  c.p.c.c.c.PatientController [http-nio-8080-exec-2] - Returned 10 patients
2025-10-16 08:56:55 DEBUG c.p.c.c.c.PatientController [http-nio-8080-exec-4] - Listing all patients
2025-10-16 08:56:55 DEBUG c.p.c.c.c.PatientController [http-nio-8080-exec-5] - Listing all patients
2025-10-16 08:56:55 INFO  c.p.c.c.c.PatientController [http-nio-8080-exec-4] - Returned 10 patients
2025-10-16 08:56:55 INFO  c.p.c.c.c.PatientController [http-nio-8080-exec-5] - Returned 10 patients
2025-10-16 08:57:14 DEBUG c.p.c.c.c.PatientController [http-nio-8080-exec-6] - Listing all patients
2025-10-16 08:57:14 DEBUG c.p.c.c.c.PatientController [http-nio-8080-exec-8] - Listing all patients
2025-10-16 08:57:14 INFO  c.p.c.c.c.PatientController [http-nio-8080-exec-6] - Returned 10 patients
2025-10-16 08:57:14 INFO  c.p.c.c.c.PatientController [http-nio-8080-exec-8] - Returned 10 patients
2025-10-16 08:57:15 DEBUG c.p.c.c.c.PatientController [http-nio-8080-exec-7] - Listing all patients
2025-10-16 08:57:15 DEBUG c.p.c.c.c.PatientController [http-nio-8080-exec-9] - Listing all patients
2025-10-16 08:57:15 INFO  c.p.c.c.c.PatientController [http-nio-8080-exec-7] - Returned 10 patients
2025-10-16 08:57:15 INFO  c.p.c.c.c.PatientController [http-nio-8080-exec-9] - Returned 10 patients
2025-10-16 08:57:15 DEBUG c.p.c.c.c.PatientController [http-nio-8080-exec-10] - Listing all patients
2025-10-16 08:57:15 DEBUG c.p.c.c.c.PatientController [http-nio-8080-exec-2] - Listing all patients
2025-10-16 08:57:15 INFO  c.p.c.c.c.PatientController [http-nio-8080-exec-10] - Returned 10 patients
2025-10-16 08:57:15 INFO  c.p.c.c.c.PatientController [http-nio-8080-exec-2] - Returned 10 patients
2025-10-16 08:57:15 DEBUG c.p.c.c.c.PatientController [http-nio-8080-exec-1] - Listing all patients
2025-10-16 08:57:15 DEBUG c.p.c.c.c.PatientController [http-nio-8080-exec-3] - Listing all patients
2025-10-16 08:57:15 INFO  c.p.c.c.c.PatientController [http-nio-8080-exec-1] - Returned 10 patients
2025-10-16 08:57:15 INFO  c.p.c.c.c.PatientController [http-nio-8080-exec-3] - Returned 10 patients
2025-10-16 08:57:15 DEBUG c.p.c.c.c.PatientController [http-nio-8080-exec-4] - Listing all patients
2025-10-16 08:57:15 DEBUG c.p.c.c.c.PatientController [http-nio-8080-exec-5] - Listing all patients
2025-10-16 08:57:15 INFO  c.p.c.c.c.PatientController [http-nio-8080-exec-4] - Returned 10 patients
2025-10-16 08:57:15 INFO  c.p.c.c.c.PatientController [http-nio-8080-exec-5] - Returned 10 patients
2025-10-16 08:57:15 DEBUG c.p.c.c.c.PatientController [http-nio-8080-exec-6] - Listing all patients
2025-10-16 08:57:15 DEBUG c.p.c.c.c.PatientController [http-nio-8080-exec-8] - Listing all patients
2025-10-16 08:57:16 INFO  c.p.c.c.c.PatientController [http-nio-8080-exec-6] - Returned 10 patients
2025-10-16 08:57:16 INFO  c.p.c.c.c.PatientController [http-nio-8080-exec-8] - Returned 10 patients
2025-10-16 08:57:16 DEBUG c.p.c.c.c.PatientController [http-nio-8080-exec-7] - Listing all patients
2025-10-16 08:57:16 DEBUG c.p.c.c.c.PatientController [http-nio-8080-exec-9] - Listing all patients
2025-10-16 08:57:16 INFO  c.p.c.c.c.PatientController [http-nio-8080-exec-9] - Returned 10 patients
2025-10-16 08:57:16 INFO  c.p.c.c.c.PatientController [http-nio-8080-exec-7] - Returned 10 patients
2025-10-16 08:57:16 DEBUG c.p.c.c.c.PatientController [http-nio-8080-exec-2] - Listing all patients
2025-10-16 08:57:16 DEBUG c.p.c.c.c.PatientController [http-nio-8080-exec-10] - Listing all patients
2025-10-16 08:57:16 INFO  c.p.c.c.c.PatientController [http-nio-8080-exec-2] - Returned 10 patients
2025-10-16 08:57:16 INFO  c.p.c.c.c.PatientController [http-nio-8080-exec-10] - Returned 10 patients
2025-10-16 08:57:16 DEBUG c.p.c.c.c.PatientController [http-nio-8080-exec-1] - Listing all patients
2025-10-16 08:57:16 DEBUG c.p.c.c.c.PatientController [http-nio-8080-exec-3] - Listing all patients
2025-10-16 08:57:16 INFO  c.p.c.c.c.PatientController [http-nio-8080-exec-1] - Returned 10 patients
2025-10-16 08:57:16 INFO  c.p.c.c.c.PatientController [http-nio-8080-exec-3] - Returned 10 patients
2025-10-16 08:57:16 DEBUG c.p.c.c.c.PatientController [http-nio-8080-exec-5] - Listing all patients
2025-10-16 08:57:16 DEBUG c.p.c.c.c.PatientController [http-nio-8080-exec-4] - Listing all patients
2025-10-16 08:57:16 INFO  c.p.c.c.c.PatientController [http-nio-8080-exec-5] - Returned 10 patients
2025-10-16 08:57:16 INFO  c.p.c.c.c.PatientController [http-nio-8080-exec-4] - Returned 10 patients
2025-10-16 08:58:34 DEBUG c.p.c.c.c.PatientController [http-nio-8080-exec-8] - Listing all patients
2025-10-16 08:58:34 DEBUG c.p.c.c.c.PatientController [http-nio-8080-exec-9] - Listing all patients
2025-10-16 08:58:34 INFO  c.p.c.c.c.PatientController [http-nio-8080-exec-8] - Returned 10 patients
2025-10-16 08:58:34 INFO  c.p.c.c.c.PatientController [http-nio-8080-exec-9] - Returned 10 patients
2025-10-16 08:58:39 DEBUG c.p.c.c.c.PatientController [http-nio-8080-exec-7] - Listing all patients
2025-10-16 08:58:39 DEBUG c.p.c.c.c.PatientController [http-nio-8080-exec-2] - Listing all patients
2025-10-16 08:58:39 INFO  c.p.c.c.c.PatientController [http-nio-8080-exec-7] - Returned 10 patients
2025-10-16 08:58:39 INFO  c.p.c.c.c.PatientController [http-nio-8080-exec-2] - Returned 10 patients
2025-10-16 08:58:40 DEBUG c.p.c.c.c.PatientController [http-nio-8080-exec-10] - Listing all patients
2025-10-16 08:58:40 DEBUG c.p.c.c.c.PatientController [http-nio-8080-exec-1] - Listing all patients
2025-10-16 08:58:40 INFO  c.p.c.c.c.PatientController [http-nio-8080-exec-10] - Returned 10 patients
2025-10-16 08:58:40 INFO  c.p.c.c.c.PatientController [http-nio-8080-exec-1] - Returned 10 patients
2025-10-16 08:58:41 DEBUG c.p.c.c.c.PatientController [http-nio-8080-exec-3] - Listing all patients
2025-10-16 08:58:41 DEBUG c.p.c.c.c.PatientController [http-nio-8080-exec-4] - Listing all patients
2025-10-16 08:58:41 INFO  c.p.c.c.c.PatientController [http-nio-8080-exec-3] - Returned 10 patients
2025-10-16 08:58:41 INFO  c.p.c.c.c.PatientController [http-nio-8080-exec-4] - Returned 10 patients
2025-10-16 08:58:41 DEBUG c.p.c.c.c.PatientController [http-nio-8080-exec-5] - Listing all patients
2025-10-16 08:58:41 DEBUG c.p.c.c.c.PatientController [http-nio-8080-exec-6] - Listing all patients
2025-10-16 08:58:41 INFO  c.p.c.c.c.PatientController [http-nio-8080-exec-5] - Returned 10 patients
2025-10-16 08:58:41 INFO  c.p.c.c.c.PatientController [http-nio-8080-exec-6] - Returned 10 patients
2025-10-16 08:58:41 DEBUG c.p.c.c.c.PatientController [http-nio-8080-exec-8] - Listing all patients
2025-10-16 08:58:41 DEBUG c.p.c.c.c.PatientController [http-nio-8080-exec-9] - Listing all patients
2025-10-16 08:58:41 INFO  c.p.c.c.c.PatientController [http-nio-8080-exec-9] - Returned 10 patients
2025-10-16 08:58:41 INFO  c.p.c.c.c.PatientController [http-nio-8080-exec-8] - Returned 10 patients
2025-10-16 09:01:19 INFO  c.p.c.c.c.PatientController [http-nio-8080-exec-10] - Creating patient: Patient{id=null, firstName='marcelo', lastName='nobrega', age=47}
2025-10-16 09:01:19 INFO  c.p.c.c.c.PatientController [http-nio-8080-exec-10] - Created patient id=11
2025-10-16 09:07:37 INFO  c.p.c.c.c.PatientController [http-nio-8080-exec-3] - Creating patient: Patient{id=null, firstName='manuel', lastName='foi pro ceu', age=50}
2025-10-16 09:07:37 INFO  c.p.c.c.c.PatientController [http-nio-8080-exec-3] - Created patient id=12
2025-10-16 09:13:53 DEBUG c.p.c.c.c.PatientController [http-nio-8080-exec-5] - Listing all patients
2025-10-16 09:13:53 INFO  c.p.c.c.c.PatientController [http-nio-8080-exec-5] - Returned 12 patients
2025-10-16 09:14:57 DEBUG c.p.c.c.c.PatientController [http-nio-8080-exec-9] - Listing all patients
2025-10-16 09:14:57 DEBUG c.p.c.c.c.PatientController [http-nio-8080-exec-8] - Listing all patients
2025-10-16 09:14:57 INFO  c.p.c.c.c.PatientController [http-nio-8080-exec-9] - Returned 12 patients
2025-10-16 09:14:57 INFO  c.p.c.c.c.PatientController [http-nio-8080-exec-8] - Returned 12 patients
2025-10-16 09:15:00 DEBUG c.p.c.c.c.PatientController [http-nio-8080-exec-7] - Listing all patients
2025-10-16 09:15:00 DEBUG c.p.c.c.c.PatientController [http-nio-8080-exec-2] - Listing all patients
2025-10-16 09:15:00 INFO  c.p.c.c.c.PatientController [http-nio-8080-exec-7] - Returned 12 patients
2025-10-16 09:15:00 INFO  c.p.c.c.c.PatientController [http-nio-8080-exec-2] - Returned 12 patients
2025-10-16 09:17:09 DEBUG c.p.c.c.c.PatientController [http-nio-8080-exec-1] - Listing all patients
2025-10-16 09:17:09 DEBUG c.p.c.c.c.PatientController [http-nio-8080-exec-3] - Listing all patients
2025-10-16 09:17:09 INFO  c.p.c.c.c.PatientController [http-nio-8080-exec-3] - Returned 12 patients
2025-10-16 09:17:09 INFO  c.p.c.c.c.PatientController [http-nio-8080-exec-1] - Returned 12 patients
2025-10-16 09:21:15 DEBUG c.p.c.c.c.PatientController [http-nio-8080-exec-5] - Listing all patients
2025-10-16 09:21:15 DEBUG c.p.c.c.c.PatientController [http-nio-8080-exec-6] - Listing all patients
2025-10-16 09:21:15 INFO  c.p.c.c.c.PatientController [http-nio-8080-exec-5] - Returned 12 patients
2025-10-16 09:21:15 INFO  c.p.c.c.c.PatientController [http-nio-8080-exec-6] - Returned 12 patients
2025-10-16 09:23:48 DEBUG c.p.c.c.c.PatientController [http-nio-8080-exec-8] - Listing all patients
2025-10-16 09:23:48 DEBUG c.p.c.c.c.PatientController [http-nio-8080-exec-7] - Listing all patients
2025-10-16 09:23:48 INFO  c.p.c.c.c.PatientController [http-nio-8080-exec-8] - Returned 12 patients
2025-10-16 09:23:48 INFO  c.p.c.c.c.PatientController [http-nio-8080-exec-7] - Returned 12 patients
2025-10-16 09:25:19 DEBUG c.p.c.c.c.PatientController [http-nio-8080-exec-10] - Listing all patients
2025-10-16 09:25:19 DEBUG c.p.c.c.c.PatientController [http-nio-8080-exec-3] - Listing all patients
2025-10-16 09:25:19 INFO  c.p.c.c.c.PatientController [http-nio-8080-exec-3] - Returned 12 patients
2025-10-16 09:25:19 INFO  c.p.c.c.c.PatientController [http-nio-8080-exec-10] - Returned 12 patients
2025-10-16 09:25:48 DEBUG c.p.c.c.c.PatientController [http-nio-8080-exec-1] - Listing all patients
2025-10-16 09:25:48 INFO  c.p.c.c.c.PatientController [http-nio-8080-exec-1] - Returned 12 patients
2025-10-16 09:26:38 DEBUG c.p.c.c.c.PatientController [http-nio-8080-exec-4] - Listing all patients
2025-10-16 09:26:38 INFO  c.p.c.c.c.PatientController [http-nio-8080-exec-4] - Returned 12 patients
2025-10-16 09:28:13 DEBUG c.p.c.c.c.PatientController [http-nio-8080-exec-8] - Listing all patients
2025-10-16 09:28:13 INFO  c.p.c.c.c.PatientController [http-nio-8080-exec-8] - Returned 12 patients
2025-10-16 09:28:17 DEBUG c.p.c.c.c.PatientController [http-nio-8080-exec-7] - Listing all patients
2025-10-16 09:28:17 DEBUG c.p.c.c.c.PatientController [http-nio-8080-exec-2] - Listing all patients
2025-10-16 09:28:17 INFO  c.p.c.c.c.PatientController [http-nio-8080-exec-7] - Returned 12 patients
2025-10-16 09:28:17 INFO  c.p.c.c.c.PatientController [http-nio-8080-exec-2] - Returned 12 patients
2025-10-16 09:28:19 DEBUG c.p.c.c.c.PatientController [http-nio-8080-exec-3] - Listing all patients
2025-10-16 09:28:19 INFO  c.p.c.c.c.PatientController [http-nio-8080-exec-3] - Returned 12 patients
2025-10-16 09:29:55 DEBUG c.p.c.c.c.PatientController [http-nio-8080-exec-1] - Listing all patients
2025-10-16 09:29:55 DEBUG c.p.c.c.c.PatientController [http-nio-8080-exec-4] - Listing all patients
2025-10-16 09:29:55 INFO  c.p.c.c.c.PatientController [http-nio-8080-exec-1] - Returned 12 patients
2025-10-16 09:29:55 INFO  c.p.c.c.c.PatientController [http-nio-8080-exec-4] - Returned 12 patients
2025-10-16 09:31:31 DEBUG c.p.c.c.c.PatientController [http-nio-8080-exec-5] - Listing all patients
2025-10-16 09:31:31 DEBUG c.p.c.c.c.PatientController [http-nio-8080-exec-9] - Listing all patients
2025-10-16 09:31:31 INFO  c.p.c.c.c.PatientController [http-nio-8080-exec-5] - Returned 12 patients
2025-10-16 09:31:31 INFO  c.p.c.c.c.PatientController [http-nio-8080-exec-9] - Returned 12 patients
2025-10-16 09:33:42 DEBUG c.p.c.c.c.PatientController [http-nio-8080-exec-3] - Listing all patients
2025-10-16 09:33:42 DEBUG c.p.c.c.c.PatientController [http-nio-8080-exec-10] - Listing all patients
2025-10-16 09:33:42 INFO  c.p.c.c.c.PatientController [http-nio-8080-exec-3] - Returned 12 patients
2025-10-16 09:33:42 INFO  c.p.c.c.c.PatientController [http-nio-8080-exec-10] - Returned 12 patients
2025-10-16 09:37:51 DEBUG c.p.c.c.c.PatientController [http-nio-8080-exec-4] - Listing all patients
2025-10-16 09:37:51 DEBUG c.p.c.c.c.PatientController [http-nio-8080-exec-6] - Listing all patients
2025-10-16 09:37:51 INFO  c.p.c.c.c.PatientController [http-nio-8080-exec-4] - Returned 12 patients
2025-10-16 09:37:51 INFO  c.p.c.c.c.PatientController [http-nio-8080-exec-6] - Returned 12 patients
2025-10-16 09:38:57 DEBUG c.p.c.c.c.PatientController [http-nio-8080-exec-5] - Listing all patients
2025-10-16 09:38:57 DEBUG c.p.c.c.c.PatientController [http-nio-8080-exec-8] - Listing all patients
2025-10-16 09:38:57 INFO  c.p.c.c.c.PatientController [http-nio-8080-exec-8] - Returned 12 patients
2025-10-16 09:38:57 INFO  c.p.c.c.c.PatientController [http-nio-8080-exec-5] - Returned 12 patients
2025-10-16 09:39:34 DEBUG c.p.c.c.c.PatientController [http-nio-8080-exec-2] - Listing all patients
2025-10-16 09:39:34 DEBUG c.p.c.c.c.PatientController [http-nio-8080-exec-7] - Listing all patients
2025-10-16 09:39:34 INFO  c.p.c.c.c.PatientController [http-nio-8080-exec-2] - Returned 12 patients
2025-10-16 09:39:34 INFO  c.p.c.c.c.PatientController [http-nio-8080-exec-7] - Returned 12 patients
2025-10-16 09:40:33 DEBUG c.p.c.c.c.PatientController [http-nio-8080-exec-3] - Listing all patients
2025-10-16 09:40:33 DEBUG c.p.c.c.c.PatientController [http-nio-8080-exec-10] - Listing all patients
2025-10-16 09:40:33 INFO  c.p.c.c.c.PatientController [http-nio-8080-exec-3] - Returned 12 patients
2025-10-16 09:40:33 INFO  c.p.c.c.c.PatientController [http-nio-8080-exec-10] - Returned 12 patients
2025-10-16 09:40:36 DEBUG c.p.c.c.c.PatientController [http-nio-8080-exec-1] - Listing all patients
2025-10-16 09:40:36 DEBUG c.p.c.c.c.PatientController [http-nio-8080-exec-4] - Listing all patients
2025-10-16 09:40:36 INFO  c.p.c.c.c.PatientController [http-nio-8080-exec-1] - Returned 12 patients
2025-10-16 09:40:36 INFO  c.p.c.c.c.PatientController [http-nio-8080-exec-4] - Returned 12 patients
2025-10-16 09:42:08 DEBUG c.p.c.c.c.PatientController [http-nio-8080-exec-9] - Listing all patients
2025-10-16 09:42:08 INFO  c.p.c.c.c.PatientController [http-nio-8080-exec-9] - Returned 12 patients
2025-10-16 09:42:09 DEBUG c.p.c.c.c.PatientController [http-nio-8080-exec-8] - Listing all patients
2025-10-16 09:42:09 DEBUG c.p.c.c.c.PatientController [http-nio-8080-exec-5] - Listing all patients
2025-10-16 09:42:09 INFO  c.p.c.c.c.PatientController [http-nio-8080-exec-8] - Returned 12 patients
2025-10-16 09:42:09 INFO  c.p.c.c.c.PatientController [http-nio-8080-exec-5] - Returned 12 patients
2025-10-16 09:42:27 DEBUG c.p.c.c.c.PatientController [http-nio-8080-exec-7] - Listing all patients
2025-10-16 09:42:27 DEBUG c.p.c.c.c.PatientController [http-nio-8080-exec-2] - Listing all patients
2025-10-16 09:42:27 INFO  c.p.c.c.c.PatientController [http-nio-8080-exec-7] - Returned 12 patients
2025-10-16 09:42:27 INFO  c.p.c.c.c.PatientController [http-nio-8080-exec-2] - Returned 12 patients
